<?xml version="1.0" encoding="UTF-8"?>
<!-- Generated by org.testng.reporters.JUnitReportReporter -->
<testsuite skipped="1" hostname="Priyankas-MacBook-Air.local" name="Academy.validationTitle" tests="1" failures="0" timestamp="2022-01-16T23:06:31 IST" time="0.000" errors="0">
  <testcase name="validateAppTitle" time="0.000" classname="Academy.validationTitle">
    <skipped/>
  </testcase> <!-- validateAppTitle -->
  <system-out/>
</testsuite> <!-- Academy.validationTitle -->
