<?xml version="1.0" encoding="UTF-8"?>
<!-- Generated by org.testng.reporters.JUnitReportReporter -->
<testsuite skipped="1" hostname="Priyankas-MacBook-Air.local" name="Academy.validationNavigationbar" tests="1" failures="0" timestamp="2022-01-16T23:06:31 IST" time="0.000" errors="0">
  <testcase name="basePageNavigation" time="0.000" classname="Academy.validationNavigationbar">
    <skipped/>
  </testcase> <!-- basePageNavigation -->
  <system-out/>
</testsuite> <!-- Academy.validationNavigationbar -->
