<?xml version="1.0" encoding="UTF-8"?>
<!-- Generated by org.testng.reporters.JUnitReportReporter -->
<testsuite skipped="0" hostname="Priyankas-MacBook-Air.local" name="Academy.HomePage" tests="1" failures="0" timestamp="2022-01-17T03:11:25 IST" time="7.780" errors="0">
  <testcase name="basePageNavigation" time="7.780" classname="Academy.HomePage"/>
  <system-out/>
</testsuite> <!-- Academy.HomePage -->
